

***********************************************************************
Fatal NI connect error 12500, connecting to:
 (DESCRIPTION=(ADDRESS=(PROTOCOL=TCP)(HOST=VMWARE)(PORT=1521))(CONNECT_DATA=(SERVER=DEDICATED)(SERVICE_NAME=ORACLE10)(CID=(PROGRAM=)(HOST=VMWARE)(USER=sdbc))))

  VERSION INFORMATION:
	TNS for Linux: Version 10.1.0.3.0 - Production
	TCP/IP NT Protocol Adapter for Linux: Version 10.1.0.3.0 - Production
  Time: 14-MAR-2008 15:26:14
  Tracing not turned on.
  Tns error struct:
    ns main err code: 12564
    TNS-12564: TNS:connection refused
    ns secondary err code: 0
    nt main err code: 0
    nt secondary err code: 0
    nt OS err code: 0


***********************************************************************
Fatal NI connect error 12500, connecting to:
 (DESCRIPTION=(ADDRESS=(PROTOCOL=TCP)(HOST=VMWARE)(PORT=1521))(CONNECT_DATA=(SERVER=DEDICATED)(SERVICE_NAME=ORACLE10)(CID=(PROGRAM=)(HOST=VMWARE)(USER=sdbc))))

  VERSION INFORMATION:
	TNS for Linux: Version 10.1.0.3.0 - Production
	TCP/IP NT Protocol Adapter for Linux: Version 10.1.0.3.0 - Production
  Time: 14-MAR-2008 15:26:39
  Tracing not turned on.
  Tns error struct:
    ns main err code: 12564
    TNS-12564: TNS:connection refused
    ns secondary err code: 0
    nt main err code: 0
    nt secondary err code: 0
    nt OS err code: 0
